<?xml version="1.0" encoding="UTF-8"?>
<!-- Generated by org.testng.reporters.JUnitReportReporter -->
<testsuite skipped="0" hostname="MacBook-Pro-6.local" name="com.slack.api.test.automation.SlackAPITest" tests="1" failures="0" timestamp="17 Apr 2020 12:03:03 GMT" time="11.047" errors="0">
  <testcase name="runTest" time="11.047" classname="com.slack.api.test.automation.SlackAPITest"/>
</testsuite> <!-- com.slack.api.test.automation.SlackAPITest -->
